[0523/100002.656:ERROR:process_memory_win.cc(73)] ReadMemory at 0x1ac436907b0 of 72 bytes failed: Only part of a ReadProcessMemory or WriteProcessMemory request was completed. (0x12B)
[0523/100002.656:WARNING:pe_image_annotations_reader.cc(134)] could not read annotations list object in C:\Program Files (x86)\Google\Chrome\Application\81.0.4044.138\chrome_elf.dll
[0523/100002.656:ERROR:process_memory_win.cc(73)] ReadMemory at 0x1ac439e6090 of 72 bytes failed: Only part of a ReadProcessMemory or WriteProcessMemory request was completed. (0x12B)
[0523/100002.656:WARNING:pe_image_annotations_reader.cc(134)] could not read annotations list object in C:\Program Files (x86)\Google\Chrome\Application\81.0.4044.138\chrome.dll
[0523/100002.656:ERROR:process_memory_win.cc(73)] ReadMemory at 0x1ac436907b0 of 72 bytes failed: Only part of a ReadProcessMemory or WriteProcessMemory request was completed. (0x12B)
[0523/100002.656:WARNING:pe_image_annotations_reader.cc(134)] could not read annotations list object in C:\Program Files (x86)\Google\Chrome\Application\81.0.4044.138\chrome_elf.dll
[0523/100002.656:ERROR:process_memory_win.cc(73)] ReadMemory at 0x1ac439e6090 of 72 bytes failed: Only part of a ReadProcessMemory or WriteProcessMemory request was completed. (0x12B)
[0523/100002.656:WARNING:pe_image_annotations_reader.cc(134)] could not read annotations list object in C:\Program Files (x86)\Google\Chrome\Application\81.0.4044.138\chrome.dll
[0523/100002.668:ERROR:process_memory_win.cc(73)] ReadMemory at 0xab071ed000 of 77824 bytes failed: Only part of a ReadProcessMemory or WriteProcessMemory request was completed. (0x12B)
[0523/100002.668:ERROR:process_memory_win.cc(73)] ReadMemory at 0xab079fd000 of 12288 bytes failed: Only part of a ReadProcessMemory or WriteProcessMemory request was completed. (0x12B)
[0523/100002.668:ERROR:process_memory_win.cc(73)] ReadMemory at 0xab089fc000 of 16384 bytes failed: Only part of a ReadProcessMemory or WriteProcessMemory request was completed. (0x12B)
[0523/100002.668:ERROR:process_memory_win.cc(73)] ReadMemory at 0xab091fc000 of 16384 bytes failed: Only part of a ReadProcessMemory or WriteProcessMemory request was completed. (0x12B)
[0523/100002.668:ERROR:process_memory_win.cc(73)] ReadMemory at 0xab099fe000 of 8192 bytes failed: Only part of a ReadProcessMemory or WriteProcessMemory request was completed. (0x12B)
[0523/100002.668:ERROR:process_memory_win.cc(73)] ReadMemory at 0xab0a1fd000 of 12288 bytes failed: Only part of a ReadProcessMemory or WriteProcessMemory request was completed. (0x12B)
[0523/100002.668:ERROR:process_memory_win.cc(73)] ReadMemory at 0xab0a9fb000 of 20480 bytes failed: Only part of a ReadProcessMemory or WriteProcessMemory request was completed. (0x12B)
[0523/100002.668:ERROR:process_memory_win.cc(73)] ReadMemory at 0xab0b1fd000 of 12288 bytes failed: Only part of a ReadProcessMemory or WriteProcessMemory request was completed. (0x12B)
[0523/100002.668:ERROR:process_memory_win.cc(73)] ReadMemory at 0xab0b9f8000 of 32768 bytes failed: Only part of a ReadProcessMemory or WriteProcessMemory request was completed. (0x12B)
[0523/100002.668:ERROR:process_memory_win.cc(73)] ReadMemory at 0xab0c1fa000 of 24576 bytes failed: Only part of a ReadProcessMemory or WriteProcessMemory request was completed. (0x12B)
[0523/100002.668:ERROR:process_memory_win.cc(73)] ReadMemory at 0xab0c9fc000 of 16384 bytes failed: Only part of a ReadProcessMemory or WriteProcessMemory request was completed. (0x12B)
[0523/100002.668:ERROR:process_memory_win.cc(73)] ReadMemory at 0xab0d1fc000 of 16384 bytes failed: Only part of a ReadProcessMemory or WriteProcessMemory request was completed. (0x12B)
[0523/100002.668:ERROR:process_memory_win.cc(73)] ReadMemory at 0xab06852000 of 852 bytes failed: Only part of a ReadProcessMemory or WriteProcessMemory request was completed. (0x12B)
[0523/100002.668:ERROR:process_memory_win.cc(73)] ReadMemory at 0xab06853000 of 6024 bytes failed: Only part of a ReadProcessMemory or WriteProcessMemory request was completed. (0x12B)
[0523/100002.668:ERROR:process_memory_win.cc(73)] ReadMemory at 0xab06855000 of 6024 bytes failed: Only part of a ReadProcessMemory or WriteProcessMemory request was completed. (0x12B)
[0523/100002.668:ERROR:process_memory_win.cc(73)] ReadMemory at 0xab06859000 of 6024 bytes failed: Only part of a ReadProcessMemory or WriteProcessMemory request was completed. (0x12B)
[0523/100002.668:ERROR:process_memory_win.cc(73)] ReadMemory at 0xab0685b000 of 6024 bytes failed: Only part of a ReadProcessMemory or WriteProcessMemory request was completed. (0x12B)
[0523/100002.668:ERROR:process_memory_win.cc(73)] ReadMemory at 0xab0685d000 of 6024 bytes failed: Only part of a ReadProcessMemory or WriteProcessMemory request was completed. (0x12B)
[0523/100002.668:ERROR:process_memory_win.cc(73)] ReadMemory at 0xab0685f000 of 6024 bytes failed: Only part of a ReadProcessMemory or WriteProcessMemory request was completed. (0x12B)
[0523/100002.668:ERROR:process_memory_win.cc(73)] ReadMemory at 0xab06861000 of 6024 bytes failed: Only part of a ReadProcessMemory or WriteProcessMemory request was completed. (0x12B)
[0523/100002.668:ERROR:process_memory_win.cc(73)] ReadMemory at 0xab06863000 of 6024 bytes failed: Only part of a ReadProcessMemory or WriteProcessMemory request was completed. (0x12B)
[0523/100002.668:ERROR:process_memory_win.cc(73)] ReadMemory at 0xab06865000 of 6024 bytes failed: Only part of a ReadProcessMemory or WriteProcessMemory request was completed. (0x12B)
[0523/100002.668:ERROR:process_memory_win.cc(73)] ReadMemory at 0xab06867000 of 6024 bytes failed: Only part of a ReadProcessMemory or WriteProcessMemory request was completed. (0x12B)
[0523/100002.668:ERROR:process_memory_win.cc(73)] ReadMemory at 0xab06869000 of 6024 bytes failed: Only part of a ReadProcessMemory or WriteProcessMemory request was completed. (0x12B)
[0523/100002.668:ERROR:process_memory_win.cc(73)] ReadMemory at 0xab06873000 of 6024 bytes failed: Only part of a ReadProcessMemory or WriteProcessMemory request was completed. (0x12B)
[0523/100002.668:ERROR:process_memory_win.cc(73)] ReadMemory at 0x1ac43240fe0 of 7370 bytes failed: Only part of a ReadProcessMemory or WriteProcessMemory request was completed. (0x12B)
[0523/100002.668:ERROR:process_memory_win.cc(73)] ReadMemory at 0x1ac43242cc0 of 1012 bytes failed: Only part of a ReadProcessMemory or WriteProcessMemory request was completed. (0x12B)
[0523/100002.668:ERROR:process_memory_win.cc(73)] ReadMemory at 0x1ac432432e8 of 118 bytes failed: Only part of a ReadProcessMemory or WriteProcessMemory request was completed. (0x12B)
[0523/100002.668:ERROR:process_memory_win.cc(73)] ReadMemory at 0x1ac43243360 of 804 bytes failed: Only part of a ReadProcessMemory or WriteProcessMemory request was completed. (0x12B)
[0523/100002.668:ERROR:process_memory_win.cc(73)] ReadMemory at 0x1ac43243686 of 118 bytes failed: Only part of a ReadProcessMemory or WriteProcessMemory request was completed. (0x12B)
[0523/100002.668:ERROR:process_memory_win.cc(73)] ReadMemory at 0x1ac432436fe of 96 bytes failed: Only part of a ReadProcessMemory or WriteProcessMemory request was completed. (0x12B)
[0523/100002.668:ERROR:process_memory_win.cc(73)] ReadMemory at 0x1ac43243770 of 58 bytes failed: Only part of a ReadProcessMemory or WriteProcessMemory request was completed. (0x12B)
[0523/100002.668:ERROR:process_memory_win.cc(73)] ReadMemory at 0x1ac43243870 of 132 bytes failed: Only part of a ReadProcessMemory or WriteProcessMemory request was completed. (0x12B)
[0523/100002.668:ERROR:process_memory_win.cc(73)] ReadMemory at 0x1ac43243a00 of 132 bytes failed: Only part of a ReadProcessMemory or WriteProcessMemory request was completed. (0x12B)
[0523/100002.668:ERROR:process_memory_win.cc(73)] ReadMemory at 0x1ac43243bc0 of 126 bytes failed: Only part of a ReadProcessMemory or WriteProcessMemory request was completed. (0x12B)
[0523/100002.668:ERROR:process_memory_win.cc(73)] ReadMemory at 0x1ac43243fa0 of 132 bytes failed: Only part of a ReadProcessMemory or WriteProcessMemory request was completed. (0x12B)
[0523/100002.668:ERROR:process_memory_win.cc(73)] ReadMemory at 0x1ac43244130 of 64 bytes failed: Only part of a ReadProcessMemory or WriteProcessMemory request was completed. (0x12B)
[0523/100002.668:ERROR:process_memory_win.cc(73)] ReadMemory at 0x1ac43244180 of 132 bytes failed: Only part of a ReadProcessMemory or WriteProcessMemory request was completed. (0x12B)
[0523/100002.668:ERROR:process_memory_win.cc(73)] ReadMemory at 0x1ac432442f0 of 132 bytes failed: Only part of a ReadProcessMemory or WriteProcessMemory request was completed. (0x12B)
[0523/100002.668:ERROR:process_memory_win.cc(73)] ReadMemory at 0x1ac43244590 of 132 bytes failed: Only part of a ReadProcessMemory or WriteProcessMemory request was completed. (0x12B)
[0523/100002.668:ERROR:process_memory_win.cc(73)] ReadMemory at 0x1ac43244720 of 68 bytes failed: Only part of a ReadProcessMemory or WriteProcessMemory request was completed. (0x12B)
[0523/100002.668:ERROR:process_memory_win.cc(73)] ReadMemory at 0x1ac432456f0 of 132 bytes failed: Only part of a ReadProcessMemory or WriteProcessMemory request was completed. (0x12B)
[0523/100002.668:ERROR:process_memory_win.cc(73)] ReadMemory at 0x1ac43245880 of 154 bytes failed: Only part of a ReadProcessMemory or WriteProcessMemory request was completed. (0x12B)
[0523/100002.668:ERROR:process_memory_win.cc(73)] ReadMemory at 0x1ac43247b20 of 62 bytes failed: Only part of a ReadProcessMemory or WriteProcessMemory request was completed. (0x12B)
[0523/100002.668:ERROR:process_memory_win.cc(73)] ReadMemory at 0x1ac43247ba0 of 146 bytes failed: Only part of a ReadProcessMemory or WriteProcessMemory request was completed. (0x12B)
[0523/100002.668:ERROR:process_memory_win.cc(73)] ReadMemory at 0x1ac43247c80 of 132 bytes failed: Only part of a ReadProcessMemory or WriteProcessMemory request was completed. (0x12B)
[0523/100002.668:ERROR:process_memory_win.cc(73)] ReadMemory at 0x1ac43247e10 of 60 bytes failed: Only part of a ReadProcessMemory or WriteProcessMemory request was completed. (0x12B)
[0523/100002.668:ERROR:process_memory_win.cc(73)] ReadMemory at 0x1ac43248fe0 of 132 bytes failed: Only part of a ReadProcessMemory or WriteProcessMemory request was completed. (0x12B)
[0523/100002.668:ERROR:process_memory_win.cc(73)] ReadMemory at 0x1ac43249340 of 132 bytes failed: Only part of a ReadProcessMemory or WriteProcessMemory request was completed. (0x12B)
[0523/100002.668:ERROR:process_memory_win.cc(73)] ReadMemory at 0x1ac4324b9a0 of 132 bytes failed: Only part of a ReadProcessMemory or WriteProcessMemory request was completed. (0x12B)
[0523/100002.668:ERROR:process_memory_win.cc(73)] ReadMemory at 0x1ac4324bcf0 of 132 bytes failed: Only part of a ReadProcessMemory or WriteProcessMemory request was completed. (0x12B)
[0523/100002.668:ERROR:process_memory_win.cc(73)] ReadMemory at 0x1ac4324be20 of 132 bytes failed: Only part of a ReadProcessMemory or WriteProcessMemory request was completed. (0x12B)
[0523/100002.668:ERROR:process_memory_win.cc(73)] ReadMemory at 0x1ac4324bf80 of 132 bytes failed: Only part of a ReadProcessMemory or WriteProcessMemory request was completed. (0x12B)
[0523/100002.668:ERROR:process_memory_win.cc(73)] ReadMemory at 0x1ac4324c110 of 80 bytes failed: Only part of a ReadProcessMemory or WriteProcessMemory request was completed. (0x12B)
[0523/100002.668:ERROR:process_memory_win.cc(73)] ReadMemory at 0x1ac4324c230 of 60 bytes failed: Only part of a ReadProcessMemory or WriteProcessMemory request was completed. (0x12B)
[0523/100002.668:ERROR:process_memory_win.cc(73)] ReadMemory at 0x1ac4324c280 of 66 bytes failed: Only part of a ReadProcessMemory or WriteProcessMemory request was completed. (0x12B)
[0523/100002.668:ERROR:process_memory_win.cc(73)] ReadMemory at 0x1ac4324c2d0 of 64 bytes failed: Only part of a ReadProcessMemory or WriteProcessMemory request was completed. (0x12B)
[0523/100002.668:ERROR:process_memory_win.cc(73)] ReadMemory at 0x1ac4324c320 of 62 bytes failed: Only part of a ReadProcessMemory or WriteProcessMemory request was completed. (0x12B)
[0523/100002.668:ERROR:process_memory_win.cc(73)] ReadMemory at 0x1ac4324c370 of 64 bytes failed: Only part of a ReadProcessMemory or WriteProcessMemory request was completed. (0x12B)
[0523/100002.668:ERROR:process_memory_win.cc(73)] ReadMemory at 0x1ac4324c5f0 of 64 bytes failed: Only part of a ReadProcessMemory or WriteProcessMemory request was completed. (0x12B)
[0523/100002.668:ERROR:process_memory_win.cc(73)] ReadMemory at 0x1ac4324c640 of 64 bytes failed: Only part of a ReadProcessMemory or WriteProcessMemory request was completed. (0x12B)
[0523/100002.668:ERROR:process_memory_win.cc(73)] ReadMemory at 0x1ac4324c7d0 of 62 bytes failed: Only part of a ReadProcessMemory or WriteProcessMemory request was completed. (0x12B)
[0523/100002.668:ERROR:process_memory_win.cc(73)] ReadMemory at 0x1ac4324c960 of 60 bytes failed: Only part of a ReadProcessMemory or WriteProcessMemory request was completed. (0x12B)
[0523/100002.668:ERROR:process_memory_win.cc(73)] ReadMemory at 0x1ac4324cfa0 of 132 bytes failed: Only part of a ReadProcessMemory or WriteProcessMemory request was completed. (0x12B)
[0523/100002.668:ERROR:process_memory_win.cc(73)] ReadMemory at 0x1ac4324d0d0 of 132 bytes failed: Only part of a ReadProcessMemory or WriteProcessMemory request was completed. (0x12B)
[0523/100002.668:ERROR:process_memory_win.cc(73)] ReadMemory at 0x1ac4324d200 of 132 bytes failed: Only part of a ReadProcessMemory or WriteProcessMemory request was completed. (0x12B)
[0523/100002.668:ERROR:process_memory_win.cc(73)] ReadMemory at 0x1ac4324d330 of 132 bytes failed: Only part of a ReadProcessMemory or WriteProcessMemory request was completed. (0x12B)
[0523/100002.668:ERROR:process_memory_win.cc(73)] ReadMemory at 0x1ac4324d460 of 132 bytes failed: Only part of a ReadProcessMemory or WriteProcessMemory request was completed. (0x12B)
[0523/100002.668:ERROR:process_memory_win.cc(73)] ReadMemory at 0x1ac4324d590 of 132 bytes failed: Only part of a ReadProcessMemory or WriteProcessMemory request was completed. (0x12B)
[0523/100002.668:ERROR:process_memory_win.cc(73)] ReadMemory at 0x1ac4324d6c0 of 132 bytes failed: Only part of a ReadProcessMemory or WriteProcessMemory request was completed. (0x12B)
[0523/100002.668:ERROR:process_memory_win.cc(73)] ReadMemory at 0x1ac4324d7f0 of 132 bytes failed: Only part of a ReadProcessMemory or WriteProcessMemory request was completed. (0x12B)
[0523/100002.668:ERROR:process_memory_win.cc(73)] ReadMemory at 0x1ac4324d920 of 132 bytes failed: Only part of a ReadProcessMemory or WriteProcessMemory request was completed. (0x12B)
[0523/100002.668:ERROR:process_memory_win.cc(73)] ReadMemory at 0x1ac4324da50 of 132 bytes failed: Only part of a ReadProcessMemory or WriteProcessMemory request was completed. (0x12B)
[0523/100002.668:ERROR:process_memory_win.cc(73)] ReadMemory at 0x1ac4324db80 of 132 bytes failed: Only part of a ReadProcessMemory or WriteProcessMemory request was completed. (0x12B)
[0523/100002.668:ERROR:process_memory_win.cc(73)] ReadMemory at 0x1ac4324dcb0 of 132 bytes failed: Only part of a ReadProcessMemory or WriteProcessMemory request was completed. (0x12B)
[0523/100002.668:ERROR:process_memory_win.cc(73)] ReadMemory at 0x1ac4324f120 of 132 bytes failed: Only part of a ReadProcessMemory or WriteProcessMemory request was completed. (0x12B)
[0523/100002.668:ERROR:process_memory_win.cc(73)] ReadMemory at 0x1ac4324fbf0 of 54 bytes failed: Only part of a ReadProcessMemory or WriteProcessMemory request was completed. (0x12B)
[0523/100002.668:ERROR:process_memory_win.cc(73)] ReadMemory at 0x1ac43250bc0 of 132 bytes failed: Only part of a ReadProcessMemory or WriteProcessMemory request was completed. (0x12B)
[0523/100002.668:ERROR:process_memory_win.cc(73)] ReadMemory at 0x1ac43253f60 of 132 bytes failed: Only part of a ReadProcessMemory or WriteProcessMemory request was completed. (0x12B)
[0523/100002.668:ERROR:process_memory_win.cc(73)] ReadMemory at 0x1ac43256f10 of 80 bytes failed: Only part of a ReadProcessMemory or WriteProcessMemory request was completed. (0x12B)
[0523/100002.668:ERROR:process_memory_win.cc(73)] ReadMemory at 0x1ac43257090 of 76 bytes failed: Only part of a ReadProcessMemory or WriteProcessMemory request was completed. (0x12B)
[0523/100002.668:ERROR:process_memory_win.cc(73)] ReadMemory at 0x1ac43257680 of 64 bytes failed: Only part of a ReadProcessMemory or WriteProcessMemory request was completed. (0x12B)
[0523/100002.668:ERROR:process_memory_win.cc(73)] ReadMemory at 0x1ac432576d0 of 68 bytes failed: Only part of a ReadProcessMemory or WriteProcessMemory request was completed. (0x12B)
[0523/100002.676:ERROR:process_memory_win.cc(73)] ReadMemory at 0x1ac43257720 of 64 bytes failed: Only part of a ReadProcessMemory or WriteProcessMemory request was completed. (0x12B)
[0523/100002.676:ERROR:process_memory_win.cc(73)] ReadMemory at 0x1ac43257770 of 62 bytes failed: Only part of a ReadProcessMemory or WriteProcessMemory request was completed. (0x12B)
[0523/100002.676:ERROR:process_memory_win.cc(73)] ReadMemory at 0x1ac432577c0 of 62 bytes failed: Only part of a ReadProcessMemory or WriteProcessMemory request was completed. (0x12B)
[0523/100002.676:ERROR:process_memory_win.cc(73)] ReadMemory at 0x1ac43257950 of 60 bytes failed: Only part of a ReadProcessMemory or WriteProcessMemory request was completed. (0x12B)
[0523/100002.676:ERROR:process_memory_win.cc(73)] ReadMemory at 0x1ac432579a0 of 64 bytes failed: Only part of a ReadProcessMemory or WriteProcessMemory request was completed. (0x12B)
[0523/100002.676:ERROR:process_memory_win.cc(73)] ReadMemory at 0x1ac43257a90 of 62 bytes failed: Only part of a ReadProcessMemory or WriteProcessMemory request was completed. (0x12B)
[0523/100002.676:ERROR:process_memory_win.cc(73)] ReadMemory at 0x1ac43257ae0 of 62 bytes failed: Only part of a ReadProcessMemory or WriteProcessMemory request was completed. (0x12B)
[0523/100002.676:ERROR:process_memory_win.cc(73)] ReadMemory at 0x1ac43257b30 of 62 bytes failed: Only part of a ReadProcessMemory or WriteProcessMemory request was completed. (0x12B)
[0523/100002.676:ERROR:process_memory_win.cc(73)] ReadMemory at 0x1ac43257bd0 of 62 bytes failed: Only part of a ReadProcessMemory or WriteProcessMemory request was completed. (0x12B)
[0523/100002.676:ERROR:process_memory_win.cc(73)] ReadMemory at 0x1ac43257cc0 of 60 bytes failed: Only part of a ReadProcessMemory or WriteProcessMemory request was completed. (0x12B)
[0523/100002.676:ERROR:process_memory_win.cc(73)] ReadMemory at 0x1ac43257d60 of 66 bytes failed: Only part of a ReadProcessMemory or WriteProcessMemory request was completed. (0x12B)
[0523/100002.676:ERROR:process_memory_win.cc(73)] ReadMemory at 0x1ac43258080 of 60 bytes failed: Only part of a ReadProcessMemory or WriteProcessMemory request was completed. (0x12B)
[0523/100002.676:ERROR:process_memory_win.cc(73)] ReadMemory at 0x1ac43258120 of 62 bytes failed: Only part of a ReadProcessMemory or WriteProcessMemory request was completed. (0x12B)
[0523/100002.676:ERROR:process_memory_win.cc(73)] ReadMemory at 0x1ac432583f0 of 62 bytes failed: Only part of a ReadProcessMemory or WriteProcessMemory request was completed. (0x12B)
[0523/100002.676:ERROR:process_memory_win.cc(73)] ReadMemory at 0x1ac43258490 of 60 bytes failed: Only part of a ReadProcessMemory or WriteProcessMemory request was completed. (0x12B)
[0523/100002.676:ERROR:process_memory_win.cc(73)] ReadMemory at 0x1ac43258580 of 58 bytes failed: Only part of a ReadProcessMemory or WriteProcessMemory request was completed. (0x12B)
[0523/100002.676:ERROR:process_memory_win.cc(73)] ReadMemory at 0x1ac432585d0 of 64 bytes failed: Only part of a ReadProcessMemory or WriteProcessMemory request was completed. (0x12B)
[0523/100002.676:ERROR:process_memory_win.cc(73)] ReadMemory at 0x1ac43258e40 of 132 bytes failed: Only part of a ReadProcessMemory or WriteProcessMemory request was completed. (0x12B)
[0523/100002.676:ERROR:process_memory_win.cc(73)] ReadMemory at 0x1ac432591d0 of 132 bytes failed: Only part of a ReadProcessMemory or WriteProcessMemory request was completed. (0x12B)
[0523/100002.676:ERROR:process_memory_win.cc(73)] ReadMemory at 0x1ac43259300 of 132 bytes failed: Only part of a ReadProcessMemory or WriteProcessMemory request was completed. (0x12B)
[0523/100002.676:ERROR:process_memory_win.cc(73)] ReadMemory at 0x1ac43259560 of 132 bytes failed: Only part of a ReadProcessMemory or WriteProcessMemory request was completed. (0x12B)
[0523/100002.676:ERROR:process_memory_win.cc(73)] ReadMemory at 0x1ac432598f0 of 132 bytes failed: Only part of a ReadProcessMemory or WriteProcessMemory request was completed. (0x12B)
[0523/100002.676:ERROR:process_memory_win.cc(73)] ReadMemory at 0x1ac43259c80 of 132 bytes failed: Only part of a ReadProcessMemory or WriteProcessMemory request was completed. (0x12B)
[0523/100002.678:ERROR:process_memory_win.cc(73)] ReadMemory at 0x1ac43259db0 of 132 bytes failed: Only part of a ReadProcessMemory or WriteProcessMemory request was completed. (0x12B)
[0523/100002.678:ERROR:process_memory_win.cc(73)] ReadMemory at 0x1ac4325a4d0 of 132 bytes failed: Only part of a ReadProcessMemory or WriteProcessMemory request was completed. (0x12B)
[0523/100002.678:ERROR:process_memory_win.cc(73)] ReadMemory at 0x1ac4325a600 of 132 bytes failed: Only part of a ReadProcessMemory or WriteProcessMemory request was completed. (0x12B)
[0523/100002.678:ERROR:process_memory_win.cc(73)] ReadMemory at 0x1ac4325aac0 of 132 bytes failed: Only part of a ReadProcessMemory or WriteProcessMemory request was completed. (0x12B)
[0523/100002.678:ERROR:process_memory_win.cc(73)] ReadMemory at 0x1ac4325abf0 of 132 bytes failed: Only part of a ReadProcessMemory or WriteProcessMemory request was completed. (0x12B)
[0523/100002.678:ERROR:process_memory_win.cc(73)] ReadMemory at 0x1ac4326f6a0 of 512 bytes failed: Only part of a ReadProcessMemory or WriteProcessMemory request was completed. (0x12B)
[0523/100002.678:ERROR:process_memory_win.cc(73)] ReadMemory at 0x1ac43270600 of 512 bytes failed: Only part of a ReadProcessMemory or WriteProcessMemory request was completed. (0x12B)
[0523/100002.678:ERROR:process_memory_win.cc(73)] ReadMemory at 0x1ac43470f40 of 512 bytes failed: Only part of a ReadProcessMemory or WriteProcessMemory request was completed. (0x12B)
[0523/100002.678:ERROR:process_memory_win.cc(73)] ReadMemory at 0x1ac43a15303 of 573 bytes failed: Only part of a ReadProcessMemory or WriteProcessMemory request was completed. (0x12B)
[0523/100002.678:ERROR:process_memory_win.cc(73)] ReadMemory at 0x1ac43a20380 of 512 bytes failed: Only part of a ReadProcessMemory or WriteProcessMemory request was completed. (0x12B)
[0523/100002.678:ERROR:process_memory_win.cc(73)] ReadMemory at 0x1ac43a20a08 of 512 bytes failed: Only part of a ReadProcessMemory or WriteProcessMemory request was completed. (0x12B)
[0523/100002.678:ERROR:process_memory_win.cc(73)] ReadMemory at 0x1ac43a22020 of 512 bytes failed: Only part of a ReadProcessMemory or WriteProcessMemory request was completed. (0x12B)
[0523/100002.678:ERROR:process_memory_win.cc(73)] ReadMemory at 0x1ac43a41090 of 712 bytes failed: Only part of a ReadProcessMemory or WriteProcessMemory request was completed. (0x12B)
[0523/100002.678:ERROR:process_memory_win.cc(73)] ReadMemory at 0x1ac43a6e610 of 784 bytes failed: Only part of a ReadProcessMemory or WriteProcessMemory request was completed. (0x12B)
[0523/100002.678:ERROR:process_memory_win.cc(73)] ReadMemory at 0x1ac4515ec90 of 512 bytes failed: Only part of a ReadProcessMemory or WriteProcessMemory request was completed. (0x12B)
[0523/100002.678:ERROR:process_memory_win.cc(73)] ReadMemory at 0x1ac456fc780 of 520 bytes failed: Only part of a ReadProcessMemory or WriteProcessMemory request was completed. (0x12B)
[0523/100002.678:ERROR:process_memory_win.cc(73)] ReadMemory at 0x1ac459acc08 of 512 bytes failed: Only part of a ReadProcessMemory or WriteProcessMemory request was completed. (0x12B)
[0523/100002.678:ERROR:process_memory_win.cc(73)] ReadMemory at 0x1ac459af5a0 of 512 bytes failed: Only part of a ReadProcessMemory or WriteProcessMemory request was completed. (0x12B)
[0523/100002.678:ERROR:scoped_process_suspend.cc(40)] NtResumeProcess: An attempt was made to access an exiting process. (0xc000010a)
[0621/170305.516:ERROR:process_memory_win.cc(73)] ReadMemory at 0x1e646b307b0 of 72 bytes failed: Only part of a ReadProcessMemory or WriteProcessMemory request was completed. (0x12B)
[0621/170305.516:WARNING:pe_image_annotations_reader.cc(134)] could not read annotations list object in C:\Program Files (x86)\Google\Chrome\Application\83.0.4103.106\chrome_elf.dll
[0621/170305.516:ERROR:process_memory_win.cc(73)] ReadMemory at 0x1e646e85ff0 of 72 bytes failed: Only part of a ReadProcessMemory or WriteProcessMemory request was completed. (0x12B)
[0621/170305.516:WARNING:pe_image_annotations_reader.cc(134)] could not read annotations list object in C:\Program Files (x86)\Google\Chrome\Application\83.0.4103.106\chrome.dll
[0621/170305.516:ERROR:process_memory_win.cc(73)] ReadMemory at 0x1e647060000 of 64 bytes failed: Only part of a ReadProcessMemory or WriteProcessMemory request was completed. (0x12B)
[0621/170305.516:WARNING:pe_image_reader.cc(340)] could not read dos header from C:\WINDOWS\System32\combase.dll
[0621/170305.516:ERROR:process_memory_win.cc(73)] ReadMemory at 0x1e646b307b0 of 72 bytes failed: Only part of a ReadProcessMemory or WriteProcessMemory request was completed. (0x12B)
[0621/170305.516:WARNING:pe_image_annotations_reader.cc(134)] could not read annotations list object in C:\Program Files (x86)\Google\Chrome\Application\83.0.4103.106\chrome_elf.dll
[0621/170305.516:ERROR:process_memory_win.cc(73)] ReadMemory at 0x1e646e85ff0 of 72 bytes failed: Only part of a ReadProcessMemory or WriteProcessMemory request was completed. (0x12B)
[0621/170305.516:WARNING:pe_image_annotations_reader.cc(134)] could not read annotations list object in C:\Program Files (x86)\Google\Chrome\Application\83.0.4103.106\chrome.dll
[0621/170305.516:ERROR:process_memory_win.cc(73)] ReadMemory at 0x1e647060000 of 64 bytes failed: Only part of a ReadProcessMemory or WriteProcessMemory request was completed. (0x12B)
[0621/170305.516:WARNING:pe_image_reader.cc(340)] could not read dos header from C:\WINDOWS\System32\combase.dll
[0621/170305.516:ERROR:process_memory_win.cc(73)] ReadMemory at 0x7ff636b80000 of 64 bytes failed: Only part of a ReadProcessMemory or WriteProcessMemory request was completed. (0x12B)
[0621/170305.516:WARNING:pe_image_reader.cc(340)] could not read dos header from C:\Program Files (x86)\Google\Chrome\Application\chrome.exe
[0621/170305.516:ERROR:process_memory_win.cc(73)] ReadMemory at 0x1e646b307b0 of 72 bytes failed: Only part of a ReadProcessMemory or WriteProcessMemory request was completed. (0x12B)
[0621/170305.516:WARNING:pe_image_annotations_reader.cc(134)] could not read annotations list object in C:\Program Files (x86)\Google\Chrome\Application\83.0.4103.106\chrome_elf.dll
[0621/170305.516:ERROR:process_memory_win.cc(73)] ReadMemory at 0x7fff5a2b0000 of 64 bytes failed: Only part of a ReadProcessMemory or WriteProcessMemory request was completed. (0x12B)
[0621/170305.516:WARNING:pe_image_reader.cc(340)] could not read dos header from C:\Program Files (x86)\Google\Chrome\Application\83.0.4103.106\chrome.dll
[0621/170305.516:ERROR:process_memory_win.cc(73)] ReadMemory at 0x1e647060000 of 64 bytes failed: Only part of a ReadProcessMemory or WriteProcessMemory request was completed. (0x12B)
[0621/170305.516:WARNING:pe_image_reader.cc(340)] could not read dos header from C:\WINDOWS\System32\combase.dll
[0621/170305.532:ERROR:process_memory_win.cc(73)] ReadMemory at 0x226c9e5000 of 110592 bytes failed: Only part of a ReadProcessMemory or WriteProcessMemory request was completed. (0x12B)
[0621/170305.532:ERROR:process_memory_win.cc(73)] ReadMemory at 0x226d1fd000 of 12288 bytes failed: Only part of a ReadProcessMemory or WriteProcessMemory request was completed. (0x12B)
[0621/170305.532:ERROR:process_memory_win.cc(73)] ReadMemory at 0x226e1fc000 of 16384 bytes failed: Only part of a ReadProcessMemory or WriteProcessMemory request was completed. (0x12B)
[0621/170305.532:ERROR:process_memory_win.cc(73)] ReadMemory at 0x226e9fc000 of 16384 bytes failed: Only part of a ReadProcessMemory or WriteProcessMemory request was completed. (0x12B)
[0621/170305.532:ERROR:process_memory_win.cc(73)] ReadMemory at 0x226f1fe000 of 8192 bytes failed: Only part of a ReadProcessMemory or WriteProcessMemory request was completed. (0x12B)
[0621/170305.532:ERROR:process_memory_win.cc(73)] ReadMemory at 0x226f9fd000 of 12288 bytes failed: Only part of a ReadProcessMemory or WriteProcessMemory request was completed. (0x12B)
[0621/170305.532:ERROR:process_memory_win.cc(73)] ReadMemory at 0x22701fb000 of 20480 bytes failed: Only part of a ReadProcessMemory or WriteProcessMemory request was completed. (0x12B)
[0621/170305.532:ERROR:process_memory_win.cc(73)] ReadMemory at 0x22711fd000 of 12288 bytes failed: Only part of a ReadProcessMemory or WriteProcessMemory request was completed. (0x12B)
[0621/170305.532:ERROR:process_memory_win.cc(73)] ReadMemory at 0x22719fa000 of 24576 bytes failed: Only part of a ReadProcessMemory or WriteProcessMemory request was completed. (0x12B)
[0621/170305.532:ERROR:process_memory_win.cc(73)] ReadMemory at 0x22721f8000 of 32768 bytes failed: Only part of a ReadProcessMemory or WriteProcessMemory request was completed. (0x12B)
[0621/170305.532:ERROR:process_memory_win.cc(73)] ReadMemory at 0x22729fb000 of 20480 bytes failed: Only part of a ReadProcessMemory or WriteProcessMemory request was completed. (0x12B)
[0621/170305.532:ERROR:process_memory_win.cc(73)] ReadMemory at 0x22709fd000 of 12288 bytes failed: Only part of a ReadProcessMemory or WriteProcessMemory request was completed. (0x12B)
[0621/170305.532:ERROR:process_memory_win.cc(73)] ReadMemory at 0x22739fc000 of 16384 bytes failed: Only part of a ReadProcessMemory or WriteProcessMemory request was completed. (0x12B)
[0621/170305.532:ERROR:process_memory_win.cc(73)] ReadMemory at 0x226d9fd000 of 12288 bytes failed: Only part of a ReadProcessMemory or WriteProcessMemory request was completed. (0x12B)
[0621/170305.532:ERROR:process_memory_win.cc(73)] ReadMemory at 0x22731fc000 of 16384 bytes failed: Only part of a ReadProcessMemory or WriteProcessMemory request was completed. (0x12B)
[0621/170305.532:ERROR:process_memory_win.cc(73)] ReadMemory at 0x226c02f000 of 852 bytes failed: Only part of a ReadProcessMemory or WriteProcessMemory request was completed. (0x12B)
[0621/170305.532:ERROR:process_memory_win.cc(73)] ReadMemory at 0x226c030000 of 6024 bytes failed: Only part of a ReadProcessMemory or WriteProcessMemory request was completed. (0x12B)
[0621/170305.532:ERROR:process_memory_win.cc(73)] ReadMemory at 0x226c032000 of 6024 bytes failed: Only part of a ReadProcessMemory or WriteProcessMemory request was completed. (0x12B)
[0621/170305.532:ERROR:process_memory_win.cc(73)] ReadMemory at 0x226c036000 of 6024 bytes failed: Only part of a ReadProcessMemory or WriteProcessMemory request was completed. (0x12B)
[0621/170305.532:ERROR:process_memory_win.cc(73)] ReadMemory at 0x226c038000 of 6024 bytes failed: Only part of a ReadProcessMemory or WriteProcessMemory request was completed. (0x12B)
[0621/170305.532:ERROR:process_memory_win.cc(73)] ReadMemory at 0x226c03a000 of 6024 bytes failed: Only part of a ReadProcessMemory or WriteProcessMemory request was completed. (0x12B)
[0621/170305.532:ERROR:process_memory_win.cc(73)] ReadMemory at 0x226c03c000 of 6024 bytes failed: Only part of a ReadProcessMemory or WriteProcessMemory request was completed. (0x12B)
[0621/170305.547:ERROR:process_memory_win.cc(73)] ReadMemory at 0x226c03e000 of 6024 bytes failed: Only part of a ReadProcessMemory or WriteProcessMemory request was completed. (0x12B)
[0621/170305.547:ERROR:process_memory_win.cc(73)] ReadMemory at 0x226c042000 of 6024 bytes failed: Only part of a ReadProcessMemory or WriteProcessMemory request was completed. (0x12B)
[0621/170305.547:ERROR:process_memory_win.cc(73)] ReadMemory at 0x226c044000 of 6024 bytes failed: Only part of a ReadProcessMemory or WriteProcessMemory request was completed. (0x12B)
[0621/170305.547:ERROR:process_memory_win.cc(73)] ReadMemory at 0x226c046000 of 6024 bytes failed: Only part of a ReadProcessMemory or WriteProcessMemory request was completed. (0x12B)
[0621/170305.547:ERROR:process_memory_win.cc(73)] ReadMemory at 0x226c048000 of 6024 bytes failed: Only part of a ReadProcessMemory or WriteProcessMemory request was completed. (0x12B)
[0621/170305.547:ERROR:process_memory_win.cc(73)] ReadMemory at 0x226c0aa000 of 6024 bytes failed: Only part of a ReadProcessMemory or WriteProcessMemory request was completed. (0x12B)
[0621/170305.547:ERROR:process_memory_win.cc(73)] ReadMemory at 0x226c142000 of 6024 bytes failed: Only part of a ReadProcessMemory or WriteProcessMemory request was completed. (0x12B)
[0621/170305.547:ERROR:process_memory_win.cc(73)] ReadMemory at 0x226c14a000 of 6024 bytes failed: Only part of a ReadProcessMemory or WriteProcessMemory request was completed. (0x12B)
[0621/170305.548:ERROR:process_memory_win.cc(73)] ReadMemory at 0x226c14c000 of 6024 bytes failed: Only part of a ReadProcessMemory or WriteProcessMemory request was completed. (0x12B)
[0621/170305.548:ERROR:process_memory_win.cc(73)] ReadMemory at 0x1e646820fe0 of 7858 bytes failed: Only part of a ReadProcessMemory or WriteProcessMemory request was completed. (0x12B)
[0621/170305.548:ERROR:process_memory_win.cc(73)] ReadMemory at 0x1e646822ea0 of 1012 bytes failed: Only part of a ReadProcessMemory or WriteProcessMemory request was completed. (0x12B)
[0621/170305.548:ERROR:process_memory_win.cc(73)] ReadMemory at 0x1e6468234e8 of 118 bytes failed: Only part of a ReadProcessMemory or WriteProcessMemory request was completed. (0x12B)
[0621/170305.548:ERROR:process_memory_win.cc(73)] ReadMemory at 0x1e646823560 of 806 bytes failed: Only part of a ReadProcessMemory or WriteProcessMemory request was completed. (0x12B)
[0621/170305.548:ERROR:process_memory_win.cc(73)] ReadMemory at 0x1e646823888 of 118 bytes failed: Only part of a ReadProcessMemory or WriteProcessMemory request was completed. (0x12B)
[0621/170305.548:ERROR:process_memory_win.cc(73)] ReadMemory at 0x1e646823900 of 94 bytes failed: Only part of a ReadProcessMemory or WriteProcessMemory request was completed. (0x12B)
[0621/170305.548:ERROR:process_memory_win.cc(73)] ReadMemory at 0x1e646823970 of 58 bytes failed: Only part of a ReadProcessMemory or WriteProcessMemory request was completed. (0x12B)
[0621/170305.548:ERROR:process_memory_win.cc(73)] ReadMemory at 0x1e646823a70 of 132 bytes failed: Only part of a ReadProcessMemory or WriteProcessMemory request was completed. (0x12B)
[0621/170305.548:ERROR:process_memory_win.cc(73)] ReadMemory at 0x1e646823c00 of 132 bytes failed: Only part of a ReadProcessMemory or WriteProcessMemory request was completed. (0x12B)
[0621/170305.548:ERROR:process_memory_win.cc(73)] ReadMemory at 0x1e646823dc0 of 126 bytes failed: Only part of a ReadProcessMemory or WriteProcessMemory request was completed. (0x12B)
[0621/170305.548:ERROR:process_memory_win.cc(73)] ReadMemory at 0x1e6468241a0 of 132 bytes failed: Only part of a ReadProcessMemory or WriteProcessMemory request was completed. (0x12B)
[0621/170305.548:ERROR:process_memory_win.cc(73)] ReadMemory at 0x1e646824330 of 64 bytes failed: Only part of a ReadProcessMemory or WriteProcessMemory request was completed. (0x12B)
[0621/170305.548:ERROR:process_memory_win.cc(73)] ReadMemory at 0x1e646824380 of 132 bytes failed: Only part of a ReadProcessMemory or WriteProcessMemory request was completed. (0x12B)
[0621/170305.548:ERROR:process_memory_win.cc(73)] ReadMemory at 0x1e6468244f0 of 132 bytes failed: Only part of a ReadProcessMemory or WriteProcessMemory request was completed. (0x12B)
[0621/170305.548:ERROR:process_memory_win.cc(73)] ReadMemory at 0x1e6468247b0 of 132 bytes failed: Only part of a ReadProcessMemory or WriteProcessMemory request was completed. (0x12B)
[0621/170305.548:ERROR:process_memory_win.cc(73)] ReadMemory at 0x1e646824940 of 68 bytes failed: Only part of a ReadProcessMemory or WriteProcessMemory request was completed. (0x12B)
[0621/170305.548:ERROR:process_memory_win.cc(73)] ReadMemory at 0x1e646825950 of 146 bytes failed: Only part of a ReadProcessMemory or WriteProcessMemory request was completed. (0x12B)
[0621/170305.548:ERROR:process_memory_win.cc(73)] ReadMemory at 0x1e646825a30 of 132 bytes failed: Only part of a ReadProcessMemory or WriteProcessMemory request was completed. (0x12B)
[0621/170305.548:ERROR:process_memory_win.cc(73)] ReadMemory at 0x1e646825b60 of 154 bytes failed: Only part of a ReadProcessMemory or WriteProcessMemory request was completed. (0x12B)
[0621/170305.548:ERROR:process_memory_win.cc(73)] ReadMemory at 0x1e6468269d0 of 132 bytes failed: Only part of a ReadProcessMemory or WriteProcessMemory request was completed. (0x12B)
[0621/170305.548:ERROR:process_memory_win.cc(73)] ReadMemory at 0x1e646826b70 of 132 bytes failed: Only part of a ReadProcessMemory or WriteProcessMemory request was completed. (0x12B)
[0621/170305.548:ERROR:process_memory_win.cc(73)] ReadMemory at 0x1e646826d00 of 60 bytes failed: Only part of a ReadProcessMemory or WriteProcessMemory request was completed. (0x12B)
[0621/170305.548:ERROR:process_memory_win.cc(73)] ReadMemory at 0x1e646826d81 of 512 bytes failed: Only part of a ReadProcessMemory or WriteProcessMemory request was completed. (0x12B)
[0621/170305.548:ERROR:process_memory_win.cc(73)] ReadMemory at 0x1e646827f80 of 62 bytes failed: Only part of a ReadProcessMemory or WriteProcessMemory request was completed. (0x12B)
[0621/170305.548:ERROR:process_memory_win.cc(73)] ReadMemory at 0x1e646828810 of 132 bytes failed: Only part of a ReadProcessMemory or WriteProcessMemory request was completed. (0x12B)
[0621/170305.548:ERROR:process_memory_win.cc(73)] ReadMemory at 0x1e64682b8f0 of 64 bytes failed: Only part of a ReadProcessMemory or WriteProcessMemory request was completed. (0x12B)
[0621/170305.548:ERROR:process_memory_win.cc(73)] ReadMemory at 0x1e64682b940 of 62 bytes failed: Only part of a ReadProcessMemory or WriteProcessMemory request was completed. (0x12B)
[0621/170305.548:ERROR:process_memory_win.cc(73)] ReadMemory at 0x1e64682b9e0 of 62 bytes failed: Only part of a ReadProcessMemory or WriteProcessMemory request was completed. (0x12B)
[0621/170305.548:ERROR:process_memory_win.cc(73)] ReadMemory at 0x1e64682bb20 of 60 bytes failed: Only part of a ReadProcessMemory or WriteProcessMemory request was completed. (0x12B)
[0621/170305.548:ERROR:process_memory_win.cc(73)] ReadMemory at 0x1e64682bb70 of 64 bytes failed: Only part of a ReadProcessMemory or WriteProcessMemory request was completed. (0x12B)
[0621/170305.548:ERROR:process_memory_win.cc(73)] ReadMemory at 0x1e64682bbc0 of 64 bytes failed: Only part of a ReadProcessMemory or WriteProcessMemory request was completed. (0x12B)
[0621/170305.548:ERROR:process_memory_win.cc(73)] ReadMemory at 0x1e64682bc60 of 66 bytes failed: Only part of a ReadProcessMemory or WriteProcessMemory request was completed. (0x12B)
[0621/170305.548:ERROR:process_memory_win.cc(73)] ReadMemory at 0x1e64682bcb0 of 60 bytes failed: Only part of a ReadProcessMemory or WriteProcessMemory request was completed. (0x12B)
[0621/170305.548:ERROR:process_memory_win.cc(73)] ReadMemory at 0x1e64682bd00 of 64 bytes failed: Only part of a ReadProcessMemory or WriteProcessMemory request was completed. (0x12B)
[0621/170305.548:ERROR:process_memory_win.cc(73)] ReadMemory at 0x1e64682bd50 of 62 bytes failed: Only part of a ReadProcessMemory or WriteProcessMemory request was completed. (0x12B)
[0621/170305.548:ERROR:process_memory_win.cc(73)] ReadMemory at 0x1e64682c4d0 of 132 bytes failed: Only part of a ReadProcessMemory or WriteProcessMemory request was completed. (0x12B)
[0621/170305.548:ERROR:process_memory_win.cc(73)] ReadMemory at 0x1e64682c600 of 132 bytes failed: Only part of a ReadProcessMemory or WriteProcessMemory request was completed. (0x12B)
[0621/170305.548:ERROR:process_memory_win.cc(73)] ReadMemory at 0x1e64682c730 of 132 bytes failed: Only part of a ReadProcessMemory or WriteProcessMemory request was completed. (0x12B)
[0621/170305.548:ERROR:process_memory_win.cc(73)] ReadMemory at 0x1e64682c860 of 132 bytes failed: Only part of a ReadProcessMemory or WriteProcessMemory request was completed. (0x12B)
[0621/170305.548:ERROR:process_memory_win.cc(73)] ReadMemory at 0x1e64682c990 of 132 bytes failed: Only part of a ReadProcessMemory or WriteProcessMemory request was completed. (0x12B)
[0621/170305.548:ERROR:process_memory_win.cc(73)] ReadMemory at 0x1e64682cac0 of 132 bytes failed: Only part of a ReadProcessMemory or WriteProcessMemory request was completed. (0x12B)
[0621/170305.548:ERROR:process_memory_win.cc(73)] ReadMemory at 0x1e64682cbf0 of 132 bytes failed: Only part of a ReadProcessMemory or WriteProcessMemory request was completed. (0x12B)
[0621/170305.548:ERROR:process_memory_win.cc(73)] ReadMemory at 0x1e64682cd20 of 132 bytes failed: Only part of a ReadProcessMemory or WriteProcessMemory request was completed. (0x12B)
[0621/170305.548:ERROR:process_memory_win.cc(73)] ReadMemory at 0x1e64682ce50 of 132 bytes failed: Only part of a ReadProcessMemory or WriteProcessMemory request was completed. (0x12B)
[0621/170305.548:ERROR:process_memory_win.cc(73)] ReadMemory at 0x1e64682d0b0 of 132 bytes failed: Only part of a ReadProcessMemory or WriteProcessMemory request was completed. (0x12B)
[0621/170305.548:ERROR:process_memory_win.cc(73)] ReadMemory at 0x1e64682d1e0 of 132 bytes failed: Only part of a ReadProcessMemory or WriteProcessMemory request was completed. (0x12B)
[0621/170305.548:ERROR:process_memory_win.cc(73)] ReadMemory at 0x1e64682d310 of 132 bytes failed: Only part of a ReadProcessMemory or WriteProcessMemory request was completed. (0x12B)
[0621/170305.548:ERROR:process_memory_win.cc(73)] ReadMemory at 0x1e64682ff00 of 132 bytes failed: Only part of a ReadProcessMemory or WriteProcessMemory request was completed. (0x12B)
[0621/170305.548:ERROR:process_memory_win.cc(73)] ReadMemory at 0x1e646830030 of 132 bytes failed: Only part of a ReadProcessMemory or WriteProcessMemory request was completed. (0x12B)
[0621/170305.548:ERROR:process_memory_win.cc(73)] ReadMemory at 0x1e6468309d0 of 132 bytes failed: Only part of a ReadProcessMemory or WriteProcessMemory request was completed. (0x12B)
[0621/170305.548:ERROR:process_memory_win.cc(73)] ReadMemory at 0x1e646831bd0 of 132 bytes failed: Only part of a ReadProcessMemory or WriteProcessMemory request was completed. (0x12B)
[0621/170305.548:ERROR:process_memory_win.cc(73)] ReadMemory at 0x1e6468363b0 of 132 bytes failed: Only part of a ReadProcessMemory or WriteProcessMemory request was completed. (0x12B)
[0621/170305.548:ERROR:process_memory_win.cc(73)] ReadMemory at 0x1e6468365c0 of 132 bytes failed: Only part of a ReadProcessMemory or WriteProcessMemory request was completed. (0x12B)
[0621/170305.548:ERROR:process_memory_win.cc(73)] ReadMemory at 0x1e646837680 of 80 bytes failed: Only part of a ReadProcessMemory or WriteProcessMemory request was completed. (0x12B)
[0621/170305.548:ERROR:process_memory_win.cc(73)] ReadMemory at 0x1e646837ce0 of 80 bytes failed: Only part of a ReadProcessMemory or WriteProcessMemory request was completed. (0x12B)
[0621/170305.548:ERROR:process_memory_win.cc(73)] ReadMemory at 0x1e646839650 of 62 bytes failed: Only part of a ReadProcessMemory or WriteProcessMemory request was completed. (0x12B)
[0621/170305.548:ERROR:process_memory_win.cc(73)] ReadMemory at 0x1e646839790 of 60 bytes failed: Only part of a ReadProcessMemory or WriteProcessMemory request was completed. (0x12B)
[0621/170305.548:ERROR:process_memory_win.cc(73)] ReadMemory at 0x1e646839830 of 64 bytes failed: Only part of a ReadProcessMemory or WriteProcessMemory request was completed. (0x12B)
[0621/170305.548:ERROR:process_memory_win.cc(73)] ReadMemory at 0x1e646839920 of 62 bytes failed: Only part of a ReadProcessMemory or WriteProcessMemory request was completed. (0x12B)
[0621/170305.548:ERROR:process_memory_win.cc(73)] ReadMemory at 0x1e646839b50 of 62 bytes failed: Only part of a ReadProcessMemory or WriteProcessMemory request was completed. (0x12B)
[0621/170305.548:ERROR:process_memory_win.cc(73)] ReadMemory at 0x1e646839ba0 of 64 bytes failed: Only part of a ReadProcessMemory or WriteProcessMemory request was completed. (0x12B)
[0621/170305.548:ERROR:process_memory_win.cc(73)] ReadMemory at 0x1e646839bf0 of 60 bytes failed: Only part of a ReadProcessMemory or WriteProcessMemory request was completed. (0x12B)
[0621/170305.548:ERROR:process_memory_win.cc(73)] ReadMemory at 0x1e646839c40 of 62 bytes failed: Only part of a ReadProcessMemory or WriteProcessMemory request was completed. (0x12B)
[0621/170305.548:ERROR:process_memory_win.cc(73)] ReadMemory at 0x1e646839dd0 of 62 bytes failed: Only part of a ReadProcessMemory or WriteProcessMemory request was completed. (0x12B)
[0621/170305.548:ERROR:process_memory_win.cc(73)] ReadMemory at 0x1e64683a280 of 64 bytes failed: Only part of a ReadProcessMemory or WriteProcessMemory request was completed. (0x12B)
[0621/170305.548:ERROR:process_memory_win.cc(73)] ReadMemory at 0x1e64683a2d0 of 62 bytes failed: Only part of a ReadProcessMemory or WriteProcessMemory request was completed. (0x12B)
[0621/170305.548:ERROR:process_memory_win.cc(73)] ReadMemory at 0x1e64683a4b0 of 58 bytes failed: Only part of a ReadProcessMemory or WriteProcessMemory request was completed. (0x12B)
[0621/170305.548:ERROR:process_memory_win.cc(73)] ReadMemory at 0x1e64683b0c0 of 132 bytes failed: Only part of a ReadProcessMemory or WriteProcessMemory request was completed. (0x12B)
[0621/170305.548:ERROR:process_memory_win.cc(73)] ReadMemory at 0x1e64683b320 of 132 bytes failed: Only part of a ReadProcessMemory or WriteProcessMemory request was completed. (0x12B)
[0621/170305.548:ERROR:process_memory_win.cc(73)] ReadMemory at 0x1e64683b7e0 of 132 bytes failed: Only part of a ReadProcessMemory or WriteProcessMemory request was completed. (0x12B)
[0621/170305.548:ERROR:process_memory_win.cc(73)] ReadMemory at 0x1e64683bdd0 of 132 bytes failed: Only part of a ReadProcessMemory or WriteProcessMemory request was completed. (0x12B)
[0621/170305.548:ERROR:process_memory_win.cc(73)] ReadMemory at 0x1e64684d3e0 of 512 bytes failed: Only part of a ReadProcessMemory or WriteProcessMemory request was completed. (0x12B)
[0621/170305.548:ERROR:process_memory_win.cc(73)] ReadMemory at 0x1e64684e1a0 of 512 bytes failed: Only part of a ReadProcessMemory or WriteProcessMemory request was completed. (0x12B)
[0621/170305.548:ERROR:process_memory_win.cc(73)] ReadMemory at 0x1e646ab2980 of 512 bytes failed: Only part of a ReadProcessMemory or WriteProcessMemory request was completed. (0x12B)
[0621/170305.548:ERROR:process_memory_win.cc(73)] ReadMemory at 0x1e646eaf5c8 of 512 bytes failed: Only part of a ReadProcessMemory or WriteProcessMemory request was completed. (0x12B)
[0621/170305.548:ERROR:process_memory_win.cc(73)] ReadMemory at 0x1e646ec65b0 of 512 bytes failed: Only part of a ReadProcessMemory or WriteProcessMemory request was completed. (0x12B)
[0621/170305.548:ERROR:process_memory_win.cc(73)] ReadMemory at 0x1e646ee6fd0 of 712 bytes failed: Only part of a ReadProcessMemory or WriteProcessMemory request was completed. (0x12B)
[0621/170305.548:ERROR:process_memory_win.cc(73)] ReadMemory at 0x1e646f662a0 of 512 bytes failed: Only part of a ReadProcessMemory or WriteProcessMemory request was completed. (0x12B)
[0621/170305.548:ERROR:process_memory_win.cc(73)] ReadMemory at 0x1e646f69f60 of 512 bytes failed: Only part of a ReadProcessMemory or WriteProcessMemory request was completed. (0x12B)
[0621/170305.548:ERROR:process_memory_win.cc(73)] ReadMemory at 0x1e648cabc00 of 512 bytes failed: Only part of a ReadProcessMemory or WriteProcessMemory request was completed. (0x12B)
[0621/170305.548:ERROR:process_memory_win.cc(73)] ReadMemory at 0x1e64ae6bd58 of 512 bytes failed: Only part of a ReadProcessMemory or WriteProcessMemory request was completed. (0x12B)
[0621/170305.548:ERROR:process_memory_win.cc(73)] ReadMemory at 0x1e64b0cb660 of 520 bytes failed: Only part of a ReadProcessMemory or WriteProcessMemory request was completed. (0x12B)
[0621/170305.548:ERROR:process_memory_win.cc(73)] ReadMemory at 0x1e64c44fff8 of 512 bytes failed: Only part of a ReadProcessMemory or WriteProcessMemory request was completed. (0x12B)
[0621/170305.548:ERROR:process_memory_win.cc(73)] ReadMemory at 0x7fffb0023dc9 of 512 bytes failed: Only part of a ReadProcessMemory or WriteProcessMemory request was completed. (0x12B)
[0621/170305.548:ERROR:process_memory_win.cc(73)] ReadMemory at 0x7fffb028c738 of 512 bytes failed: Only part of a ReadProcessMemory or WriteProcessMemory request was completed. (0x12B)
[0621/170305.548:ERROR:process_memory_win.cc(73)] ReadMemory at 0x7fffb2600f45 of 512 bytes failed: Only part of a ReadProcessMemory or WriteProcessMemory request was completed. (0x12B)
[0621/170305.548:ERROR:process_memory_win.cc(73)] ReadMemory at 0x7fffb268ad94 of 672 bytes failed: Only part of a ReadProcessMemory or WriteProcessMemory request was completed. (0x12B)
[0621/170305.548:ERROR:process_memory_win.cc(73)] ReadMemory at 0x7fffb268b394 of 512 bytes failed: Only part of a ReadProcessMemory or WriteProcessMemory request was completed. (0x12B)
[0621/170305.548:ERROR:process_memory_win.cc(73)] ReadMemory at 0x7fffb268e704 of 608 bytes failed: Only part of a ReadProcessMemory or WriteProcessMemory request was completed. (0x12B)
[0621/170305.548:ERROR:process_memory_win.cc(73)] ReadMemory at 0x7fffb271f650 of 18 bytes failed: Only part of a ReadProcessMemory or WriteProcessMemory request was completed. (0x12B)
[0621/170305.548:ERROR:process_memory_win.cc(73)] ReadMemory at 0x7fffb27534f8 of 40 bytes failed: Only part of a ReadProcessMemory or WriteProcessMemory request was completed. (0x12B)
[0621/170305.548:ERROR:process_memory_win.cc(73)] ReadMemory at 0x7fffb2753978 of 48 bytes failed: Only part of a ReadProcessMemory or WriteProcessMemory request was completed. (0x12B)
[0621/170305.548:ERROR:process_memory_win.cc(73)] ReadMemory at 0x7fffb27594c0 of 64 bytes failed: Only part of a ReadProcessMemory or WriteProcessMemory request was completed. (0x12B)
[0621/170305.548:ERROR:scoped_process_suspend.cc(40)] NtResumeProcess: An attempt was made to access an exiting process. (0xc000010a)
